0 info it worked if it ends with ok
1 verbose cli [ '/usr/bin/node', '/usr/bin/npm', 'install', '-g', 'yarn' ]
2 info using npm@3.5.2
3 info using node@v8.10.0
4 silly loadCurrentTree Starting
5 silly install loadCurrentTree
6 silly install readGlobalPackageData
7 silly fetchPackageMetaData yarn
8 silly fetchNamedPackageData yarn
9 silly mapToRegistry name yarn
10 silly mapToRegistry using default registry
11 silly mapToRegistry registry https://registry.npmjs.org/
12 silly mapToRegistry uri https://registry.npmjs.org/yarn
13 verbose request uri https://registry.npmjs.org/yarn
14 verbose request no auth needed
15 info attempt registry request try #1 at 1:45:01 PM
16 verbose request id 8c6ba36e5c069070
17 verbose etag W/"c73f6101851edca4477f9e3c722afd94"
18 verbose lastModified Thu, 27 Aug 2020 11:24:39 GMT
19 http request GET https://registry.npmjs.org/yarn
20 http 304 https://registry.npmjs.org/yarn
21 verbose headers { date: 'Wed, 02 Sep 2020 17:44:57 GMT',
21 verbose headers   connection: 'keep-alive',
21 verbose headers   'set-cookie':
21 verbose headers    [ '__cfduid=df8df3e8bc04b846eb14e4de687b08e2a1599068697; expires=Fri, 02-Oct-20 17:44:57 GMT; path=/; domain=.npmjs.org; HttpOnly; SameSite=Lax' ],
21 verbose headers   'cf-ray': '5cc90ac15dd858a4-ORD',
21 verbose headers   age: '3353',
21 verbose headers   'cache-control': 'public, max-age=300',
21 verbose headers   etag: '"c73f6101851edca4477f9e3c722afd94"',
21 verbose headers   'last-modified': 'Thu, 27 Aug 2020 11:24:39 GMT',
21 verbose headers   vary: 'Accept-Encoding',
21 verbose headers   'cf-cache-status': 'HIT',
21 verbose headers   'cf-request-id': '04f1850cd5000058a42c1bd200000001',
21 verbose headers   'expect-ct': 'max-age=604800, report-uri="https://report-uri.cloudflare.com/cdn-cgi/beacon/expect-ct"',
21 verbose headers   server: 'cloudflare' }
22 silly get cb [ 304,
22 silly get   { date: 'Wed, 02 Sep 2020 17:44:57 GMT',
22 silly get     connection: 'keep-alive',
22 silly get     'set-cookie':
22 silly get      [ '__cfduid=df8df3e8bc04b846eb14e4de687b08e2a1599068697; expires=Fri, 02-Oct-20 17:44:57 GMT; path=/; domain=.npmjs.org; HttpOnly; SameSite=Lax' ],
22 silly get     'cf-ray': '5cc90ac15dd858a4-ORD',
22 silly get     age: '3353',
22 silly get     'cache-control': 'public, max-age=300',
22 silly get     etag: '"c73f6101851edca4477f9e3c722afd94"',
22 silly get     'last-modified': 'Thu, 27 Aug 2020 11:24:39 GMT',
22 silly get     vary: 'Accept-Encoding',
22 silly get     'cf-cache-status': 'HIT',
22 silly get     'cf-request-id': '04f1850cd5000058a42c1bd200000001',
22 silly get     'expect-ct': 'max-age=604800, report-uri="https://report-uri.cloudflare.com/cdn-cgi/beacon/expect-ct"',
22 silly get     server: 'cloudflare' } ]
23 verbose etag https://registry.npmjs.org/yarn from cache
24 verbose get saving yarn to /home/mgao/.npm/registry.npmjs.org/yarn/.cache.json
25 silly install normalizeTree
26 silly loadCurrentTree Finishing
27 silly loadIdealTree Starting
28 silly install loadIdealTree
29 silly cloneCurrentTree Starting
30 silly install cloneCurrentTreeToIdealTree
31 silly cloneCurrentTree Finishing
32 silly loadShrinkwrap Starting
33 silly install loadShrinkwrap
34 silly loadShrinkwrap Finishing
35 silly loadAllDepsIntoIdealTree Starting
36 silly install loadAllDepsIntoIdealTree
37 silly resolveWithNewModule yarn@1.22.5 checking installable status
38 silly cache add args [ 'yarn', null ]
39 verbose cache add spec yarn
40 silly cache add parsed spec Result {
40 silly cache add   raw: 'yarn',
40 silly cache add   scope: null,
40 silly cache add   name: 'yarn',
40 silly cache add   rawSpec: '',
40 silly cache add   spec: 'latest',
40 silly cache add   type: 'tag' }
41 silly addNamed yarn@latest
42 verbose addNamed "latest" is being treated as a dist-tag for yarn
43 info addNameTag [ 'yarn', 'latest' ]
44 silly mapToRegistry name yarn
45 silly mapToRegistry using default registry
46 silly mapToRegistry registry https://registry.npmjs.org/
47 silly mapToRegistry uri https://registry.npmjs.org/yarn
48 verbose addNameTag registry:https://registry.npmjs.org/yarn not in flight; fetching
49 verbose get https://registry.npmjs.org/yarn not expired, no request
50 silly addNameTag next cb for yarn with tag latest
51 silly addNamed yarn@1.22.5
52 verbose addNamed "1.22.5" is a plain semver version for yarn
53 silly cache afterAdd yarn@1.22.5
54 verbose afterAdd /home/mgao/.npm/yarn/1.22.5/package/package.json not in flight; writing
55 verbose afterAdd /home/mgao/.npm/yarn/1.22.5/package/package.json written
56 silly loadAllDepsIntoIdealTree Finishing
57 silly idealTree:prePrune lib
57 silly idealTree:prePrune └── yarn@1.22.5
58 silly loadIdealTree Finishing
59 silly currentTree lib
59 silly currentTree └── yarn@1.22.5
60 silly idealTree lib
60 silly idealTree └── yarn@1.22.5
61 silly generateActionsToTake Starting
62 silly install generateActionsToTake
63 warn checkPermissions Missing write access to /usr/local/lib/node_modules/yarn
64 warn checkPermissions Missing write access to /usr/local/lib/node_modules
65 silly rollbackFailedOptional Starting
66 silly rollbackFailedOptional Finishing
67 silly runTopLevelLifecycles Starting
68 silly runTopLevelLifecycles Finishing
69 silly install printInstalled
70 verbose stack Error: EACCES: permission denied, access '/usr/local/lib/node_modules/yarn'
71 verbose cwd /home/mgao/cloudhired/nuxt-bulma-setup
72 error Linux 4.4.0-18362-Microsoft
73 error argv "/usr/bin/node" "/usr/bin/npm" "install" "-g" "yarn"
74 error node v8.10.0
75 error npm  v3.5.2
76 error path /usr/local/lib/node_modules/yarn
77 error code EACCES
78 error errno -13
79 error syscall access
80 error Error: EACCES: permission denied, access '/usr/local/lib/node_modules/yarn'
80 error  { Error: EACCES: permission denied, access '/usr/local/lib/node_modules/yarn'
80 error   errno: -13,
80 error   code: 'EACCES',
80 error   syscall: 'access',
80 error   path: '/usr/local/lib/node_modules/yarn' }
81 error Please try running this command again as root/Administrator.
82 verbose exit [ -13, true ]
